This is pdfTeX, Version 3.141592653-2.6-1.40.25 (MiKTeX 23.12) (preloaded format=pdflatex 2024.1.26)  26 JAN 2024 18:50
entering extended mode
 restricted \write18 enabled.
 file:line:error style messages enabled.
 %&-line parsing enabled.
**"d:/LATEX-CONTEXT/CIMREPORT/My-Report/CIM REPORT _Acutal_/main2.tex"
(d:/LATEX-CONTEXT/CIMREPORT/My-Report/CIM REPORT _Acutal_/main2.tex
LaTeX2e <2023-11-01> patch level 1
L3 programming layer <2024-01-04>

d:/LATEX-CONTEXT/CIMREPORT/My-Report/CIM REPORT _Acutal_/main2.tex:3: LaTeX Error: \usepackage before \documentclass.

See the LaTeX manual or LaTeX Companion for explanation.
Type  H <return>  for immediate help.
 ...                                              
                                                  
l.3 \usepackage[labelsep==space]{
                                 caption}
\usepackage may only appear in the document preamble, i.e.,
between \documentclass and \begin{document}.

(C:\Users\navee\AppData\Local\Programs\MiKTeX\tex/latex/base\report.cls
Document Class: report 2023/05/17 v1.4n Standard LaTeX document class
(C:\Users\navee\AppData\Local\Programs\MiKTeX\tex/latex/base\size10.clo
File: size10.clo 2023/05/17 v1.4n Standard LaTeX file (size option)
)
\c@part=\count187
\c@chapter=\count188
\c@section=\count189
\c@subsection=\count190
\c@subsubsection=\count191
\c@paragraph=\count192
\c@subparagraph=\count193
\c@figure=\count194
\c@table=\count195
\abovecaptionskip=\skip48
\belowcaptionskip=\skip49
\bibindent=\dimen140
)

! LaTeX Error: File `File_Setup.txt' not found.

Type X to quit or <RETURN> to proceed,
or enter new name. (Default extension: txt)

Enter file name: 
d:/LATEX-CONTEXT/CIMREPORT/My-Report/CIM REPORT _Acutal_/main2.tex:5: Emergency stop.
<read *> 
         
l.5 \input{File_Setup.txt}
                          ^^M
*** (cannot \read from terminal in nonstop modes)

 
Here is how much of TeX's memory you used:
 249 strings out of 474485
 3228 string characters out of 5743734
 1924542 words of memory out of 5000000
 22627 multiletter control sequences out of 15000+600000
 558069 words of font info for 36 fonts, out of 8000000 for 9000
 1141 hyphenation exceptions out of 8191
 35i,0n,38p,205b,36s stack positions out of 10000i,1000n,20000p,200000b,200000s
d:/LATEX-CONTEXT/CIMREPORT/My-Report/CIM REPORT _Acutal_/main2.tex:5:  ==> Fatal error occurred, no output PDF file produced!
